{"numFailedTestSuites":0,"numFailedTests":0,"numPassedTestSuites":8,"numPassedTests":8,"numPendingTestSuites":0,"numPendingTests":0,"numRuntimeErrorTestSuites":0,"numTodoTests":0,"numTotalTestSuites":8,"numTotalTests":8,"openHandles":[],"snapshot":{"added":0,"didUpdate":false,"failure":false,"filesAdded":0,"filesRemoved":0,"filesRemovedList":[],"filesUnmatched":0,"filesUpdated":0,"matched":0,"total":0,"unchecked":0,"uncheckedKeysByFile":[],"unmatched":0,"updated":0},"startTime":1754623692197,"success":true,"testResults":[{"assertionResults":[{"ancestorTitles":[],"failureMessages":[],"fullName":"renders Articles with expected links","location":null,"status":"passed","title":"renders Articles with expected links"}],"endTime":1754623716151,"message":"","name":"/app/project/src/Articles.test.js","startTime":1754623708070,"status":"passed","summary":""},{"assertionResults":[{"ancestorTitles":[],"failureMessages":[],"fullName":"renders Contact info","location":null,"status":"passed","title":"renders Contact info"}],"endTime":1754623716561,"message":"","name":"/app/project/src/Contact.test.js","startTime":1754623708310,"status":"passed","summary":""},{"assertionResults":[{"ancestorTitles":[],"failureMessages":[],"fullName":"renders footer with current year and company","location":null,"status":"passed","title":"renders footer with current year and company"}],"endTime":1754623716810,"message":"","name":"/app/project/src/Footer.test.js","startTime":1754623708543,"status":"passed","summary":""},{"assertionResults":[{"ancestorTitles":[],"failureMessages":[],"fullName":"renders Projects and project items","location":null,"status":"passed","title":"renders Projects and project items"}],"endTime":1754623716926,"message":"","name":"/app/project/src/Projects.test.js","startTime":1754623708401,"status":"passed","summary":""},{"assertionResults":[{"ancestorTitles":[],"failureMessages":[],"fullName":"renders Home content","location":null,"status":"passed","title":"renders Home content"}],"endTime":1754623717542,"message":"","name":"/app/project/src/Home.test.js","startTime":1754623716295,"status":"passed","summary":""},{"assertionResults":[{"ancestorTitles":[],"failureMessages":[],"fullName":"renders without crashing","location":null,"status":"passed","title":"renders without crashing"}],"endTime":1754623717936,"message":"","name":"/app/project/src/App.test.js","startTime":1754623708412,"status":"passed","summary":""},{"assertionResults":[{"ancestorTitles":[],"failureMessages":[],"fullName":"renders Resume page and sections","location":null,"status":"passed","title":"renders Resume page and sections"}],"endTime":1754623718210,"message":"","name":"/app/project/src/Resume.test.js","startTime":1754623707993,"status":"passed","summary":""},{"assertionResults":[{"ancestorTitles":["App shell"],"failureMessages":[],"fullName":"App shell renders Home and top navbar links","location":null,"status":"passed","title":"renders Home and top navbar links"}],"endTime":1754623718741,"message":"","name":"/app/project/src/App.routes.test.js","startTime":1754623708205,"status":"passed","summary":""}],"wasInterrupted":false}